No files changed, compilation skipped

Ran 1 test for test/fuzz/Invariants.t.sol:Invariants
[FAIL: invariant_protocolMustHaveMoreValueThanTotalSupply replay failure]
	[Sequence] (original: 1, shrunk: 1)
		sender=0x00000000000000000000000000000000000021DE addr=[test/fuzz/Handler.t.sol:Handler]0x2e234DAe75C793f67A35089C9d99245E1C58470b calldata=updateCollateralPrice(uint256) args=[115792089237316195423570985008687907853269984665640564039457584007913129639934 [1.157e77]]
 invariant_protocolMustHaveMoreValueThanTotalSupply() (runs: 1, calls: 1, reverts: 1)
Logs:
  0x7FA9385bE102ac3EAc297483Dd6233D62b3e1496

Traces:
  [18620132] Invariants::setUp()
    ├─ [0] console::log(Invariants: [0x7FA9385bE102ac3EAc297483Dd6233D62b3e1496]) [staticcall]
    │   └─ ← [Stop]
    ├─ [7760630] → new DeployDSC@0x5615dEB798BB3E4dFa0139dFa1b3D433Cc23b72f
    │   └─ ← [Return] 38640 bytes of code
    ├─ [8263278] DeployDSC::run()
    │   ├─ [5343810] → new HelperConfig@0x104fBc016F4bb334D775a19E8A6510109AC63E00
    │   │   ├─ [0] VM::startBroadcast()
    │   │   │   └─ ← [Return]
    │   │   ├─ [578290] → new MockV3Aggregator@0x34A1D3fff3958843C43aD80F30b94c510645C316
    │   │   │   └─ ← [Return] 2109 bytes of code
    │   │   ├─ [829156] → new ERC20Mock@0x90193C961A926261B756D1E5bb255e67ff9498A1
    │   │   │   └─ ← [Return] 3914 bytes of code
    │   │   ├─ [47291] ERC20Mock::mint(DeployDSC: [0x5615dEB798BB3E4dFa0139dFa1b3D433Cc23b72f], 100000000000 [1e11])
    │   │   │   ├─ emit Transfer(from: 0x0000000000000000000000000000000000000000, to: DeployDSC: [0x5615dEB798BB3E4dFa0139dFa1b3D433Cc23b72f], value: 100000000000 [1e11])
    │   │   │   └─ ← [Stop]
    │   │   ├─ [578290] → new MockV3Aggregator@0xBb2180ebd78ce97360503434eD37fcf4a1Df61c3
    │   │   │   └─ ← [Return] 2109 bytes of code
    │   │   ├─ [829156] → new ERC20Mock@0xDB8cFf278adCCF9E9b5da745B44E754fC4EE3C76
    │   │   │   └─ ← [Return] 3914 bytes of code
    │   │   ├─ [47291] ERC20Mock::mint(DeployDSC: [0x5615dEB798BB3E4dFa0139dFa1b3D433Cc23b72f], 100000000000 [1e11])
    │   │   │   ├─ emit Transfer(from: 0x0000000000000000000000000000000000000000, to: DeployDSC: [0x5615dEB798BB3E4dFa0139dFa1b3D433Cc23b72f], value: 100000000000 [1e11])
    │   │   │   └─ ← [Stop]
    │   │   ├─ [0] VM::stopBroadcast()
    │   │   │   └─ ← [Return]
    │   │   └─ ← [Return] 10811 bytes of code
    │   ├─ [1636] HelperConfig::activeNetworkConfig() [staticcall]
    │   │   └─ ← [Return] MockV3Aggregator: [0x34A1D3fff3958843C43aD80F30b94c510645C316], MockV3Aggregator: [0xBb2180ebd78ce97360503434eD37fcf4a1Df61c3], ERC20Mock: [0x90193C961A926261B756D1E5bb255e67ff9498A1], ERC20Mock: [0xDB8cFf278adCCF9E9b5da745B44E754fC4EE3C76], 77814517325470205911140941194401928579557062014761831930645393041380819009408 [7.781e76]
    │   ├─ [0] VM::startBroadcast(<pk>)
    │   │   └─ ← [Return]
    │   ├─ [1076322] → new DecentralizedStableCoin@0x5FbDB2315678afecb367f032d93F642f64180aa3
    │   │   ├─ emit OwnershipTransferred(previousOwner: 0x0000000000000000000000000000000000000000, newOwner: 0xf39Fd6e51aad88F6F4ce6aB8827279cffFb92266)
    │   │   └─ ← [Return] 5029 bytes of code
    │   ├─ [1592674] → new DSCEngine@0xe7f1725E7734CE288F8367e1Bb143E90bb3F0512
    │   │   └─ ← [Return] 7272 bytes of code
    │   ├─ [2819] DecentralizedStableCoin::transferOwnership(DSCEngine: [0xe7f1725E7734CE288F8367e1Bb143E90bb3F0512])
    │   │   ├─ emit OwnershipTransferred(previousOwner: 0xf39Fd6e51aad88F6F4ce6aB8827279cffFb92266, newOwner: DSCEngine: [0xe7f1725E7734CE288F8367e1Bb143E90bb3F0512])
    │   │   └─ ← [Stop]
    │   ├─ [0] VM::stopBroadcast()
    │   │   └─ ← [Return]
    │   └─ ← [Return] DecentralizedStableCoin: [0x5FbDB2315678afecb367f032d93F642f64180aa3], DSCEngine: [0xe7f1725E7734CE288F8367e1Bb143E90bb3F0512], HelperConfig: [0x104fBc016F4bb334D775a19E8A6510109AC63E00]
    ├─ [1636] HelperConfig::activeNetworkConfig() [staticcall]
    │   └─ ← [Return] MockV3Aggregator: [0x34A1D3fff3958843C43aD80F30b94c510645C316], MockV3Aggregator: [0xBb2180ebd78ce97360503434eD37fcf4a1Df61c3], ERC20Mock: [0x90193C961A926261B756D1E5bb255e67ff9498A1], ERC20Mock: [0xDB8cFf278adCCF9E9b5da745B44E754fC4EE3C76], 77814517325470205911140941194401928579557062014761831930645393041380819009408 [7.781e76]
    ├─ [2326142] → new Handler@0x2e234DAe75C793f67A35089C9d99245E1C58470b
    │   ├─ [2059] DSCEngine::getCollateralTokens() [staticcall]
    │   │   └─ ← [Return] [0x90193C961A926261B756D1E5bb255e67ff9498A1, 0xDB8cFf278adCCF9E9b5da745B44E754fC4EE3C76]
    │   ├─ [958] DSCEngine::getCollateralTokenPriceFeed(ERC20Mock: [0x90193C961A926261B756D1E5bb255e67ff9498A1]) [staticcall]
    │   │   └─ ← [Return] MockV3Aggregator: [0x34A1D3fff3958843C43aD80F30b94c510645C316]
    │   └─ ← [Return] 10699 bytes of code
    └─ ← [Stop]

  [85299] Handler::updateCollateralPrice(115792089237316195423570985008687907853269984665640564039457584007913129639934 [1.157e77])
    ├─ [79694] MockV3Aggregator::updateAnswer(-2)
    │   └─ ← [Stop]
    └─ ← [Stop]

  [46491] Invariants::invariant_protocolMustHaveMoreValueThanTotalSupply()
    ├─ [2500] DecentralizedStableCoin::totalSupply() [staticcall]
    │   └─ ← [Return] 0
    ├─ [2850] ERC20Mock::balanceOf(DSCEngine: [0xe7f1725E7734CE288F8367e1Bb143E90bb3F0512]) [staticcall]
    │   └─ ← [Return] 0
    ├─ [2850] ERC20Mock::balanceOf(DSCEngine: [0xe7f1725E7734CE288F8367e1Bb143E90bb3F0512]) [staticcall]
    │   └─ ← [Return] 0
    ├─ [16772] DSCEngine::getUsdValue(ERC20Mock: [0x90193C961A926261B756D1E5bb255e67ff9498A1], 0) [staticcall]
    │   ├─ [9930] MockV3Aggregator::latestRoundData() [staticcall]
    │   │   └─ ← [Return] 2, -2, 1, 1, 2
    │   └─ ← [Revert] panic: arithmetic underflow or overflow (0x11)
    └─ ← [Revert] panic: arithmetic underflow or overflow (0x11)

Suite result: FAILED. 0 passed; 1 failed; 0 skipped; finished in 2.83ms (834.44µs CPU time)

Ran 1 test suite in 6.14ms (2.83ms CPU time): 0 tests passed, 1 failed, 0 skipped (1 total tests)

Failing tests:
Encountered 1 failing test in test/fuzz/Invariants.t.sol:Invariants
[FAIL: invariant_protocolMustHaveMoreValueThanTotalSupply replay failure]
	[Sequence] (original: 1, shrunk: 1)
		sender=0x00000000000000000000000000000000000021DE addr=[test/fuzz/Handler.t.sol:Handler]0x2e234DAe75C793f67A35089C9d99245E1C58470b calldata=updateCollateralPrice(uint256) args=[115792089237316195423570985008687907853269984665640564039457584007913129639934 [1.157e77]]
 invariant_protocolMustHaveMoreValueThanTotalSupply() (runs: 1, calls: 1, reverts: 1)

Encountered a total of 1 failing tests, 0 tests succeeded
